<?xml version="1.0" encoding="UTF-8"?>
<!-- Generated by org.testng.reporters.JUnitXMLReporter -->
<testsuite hostname="Jit-PC" ignored="0" name="Command line test" tests="6" failures="0" timestamp="2019-11-16T19:52:22 EST" time="0.079" errors="0">
  <testcase name="MobileTest1" time="0.013" classname="jitenpatel.MobileAutomationTest"/>
  <testcase name="MobileTest2" time="0.001" classname="jitenpatel.MobileAutomationTest"/>
  <testcase name="RestAPI1" time="0.0" classname="jitenpatel.RestAPITest"/>
  <testcase name="RestAPI2" time="0.001" classname="jitenpatel.RestAPITest"/>
  <testcase name="Selnium2" time="0.0" classname="jitenpatel.SeleniumTest"/>
  <testcase name="browserAutomation" time="0.001" classname="jitenpatel.SeleniumTest"/>
</testsuite> <!-- Command line test -->
