<?xml version="1.0" encoding="UTF-8"?>
<!-- Generated by org.testng.reporters.JUnitXMLReporter -->
<testsuite hostname="Jit-PC" ignored="0" name="Test" tests="6" failures="0" timestamp="2019-11-16T19:55:12 EST" time="0.081" errors="0">
  <testcase name="Selnium2" time="0.009" classname="jitenpatel.SeleniumTest"/>
  <testcase name="browserAutomation" time="0.0" classname="jitenpatel.SeleniumTest"/>
  <testcase name="RestAPI1" time="0.0" classname="jitenpatel.RestAPITest"/>
  <testcase name="RestAPI2" time="0.001" classname="jitenpatel.RestAPITest"/>
  <testcase name="MobileTest1" time="0.001" classname="jitenpatel.MobileAutomationTest"/>
  <testcase name="MobileTest2" time="0.0" classname="jitenpatel.MobileAutomationTest"/>
</testsuite> <!-- Test -->
